Using pre-set license
Built from '2020.3/staging' branch; Version is '2020.3.9f1 (108be757e447) revision 1084391'; Using compiler version '192528614'; Build Type 'Release'
OS: 'Windows 10 Enterprise; OS build 19042.985; Version 2009; 64bit' Language: 'ru' Physical Memory: 8091 MB
BatchMode: 1, IsHumanControllingUs: 0, StartBugReporterOnCrash: 0, Is64bit: 1, IsPro: 0

 COMMAND LINE ARGUMENTS:
F:\Unity Hub\2020.3.9f1\Editor\Unity.exe
-adb2
-batchMode
-noUpm
-name
AssetImportWorker15
-projectPath
D:/geekbrains/HTC_Vive/htc_vive
-logFile
Logs/AssetImportWorker15.log
-srvPort
53094
Successfully changed project path to: D:/geekbrains/HTC_Vive/htc_vive
D:/geekbrains/HTC_Vive/htc_vive
Using Asset Import Pipeline V2.
Refreshing native plugins compatible for Editor in 117.69 ms, found 5 plugins.
Preloading 0 native plugins for Editor in 0.00 ms.
Initialize engine version: 2020.3.9f1 (108be757e447)
[Subsystems] Discovering subsystems at path F:/Unity Hub/2020.3.9f1/Editor/Data/Resources/UnitySubsystems
[Subsystems] Discovering subsystems at path D:/geekbrains/HTC_Vive/htc_vive/Assets
GfxDevice: creating device client; threaded=0
Direct3D:
    Version:  Direct3D 11.0 [level 11.1]
    Renderer: Radeon (TM) RX 480 Graphics (ID=0x67df)
    Vendor:   
    VRAM:     4075 MB
    Driver:   27.20.1034.6
Initialize mono
Mono path[0] = 'F:/Unity Hub/2020.3.9f1/Editor/Data/Managed'
Mono path[1] = 'F:/Unity Hub/2020.3.9f1/Editor/Data/MonoBleedingEdge/lib/mono/unityjit'
Mono config path = 'F:/Unity Hub/2020.3.9f1/Editor/Data/MonoBleedingEdge/etc'
Using monoOptions --debugger-agent=transport=dt_socket,embedding=1,server=y,suspend=n,address=127.0.0.1:56392
Begin MonoManager ReloadAssembly
Registering precompiled unity dll's ...
Register platform support module: F:/Unity Hub/2020.3.9f1/Editor/Data/PlaybackEngines/WindowsStandaloneSupport/UnityEditor.WindowsStandalone.Extensions.dll
Registered in 0.001978 seconds.
Native extension for WindowsStandalone target not found
Refreshing native plugins compatible for Editor in 75.50 ms, found 5 plugins.
Preloading 0 native plugins for Editor in 0.00 ms.
Mono: successfully reloaded assembly
- Completed reload, in  2.703 seconds
Platform modules already initialized, skipping
Registering precompiled user dll's ...
Registered in 0.068703 seconds.
Begin MonoManager ReloadAssembly
Native extension for WindowsStandalone target not found
Refreshing native plugins compatible for Editor in 0.89 ms, found 5 plugins.
Preloading 0 native plugins for Editor in 0.00 ms.
Mono: successfully reloaded assembly
- Completed reload, in  3.565 seconds
Platform modules already initialized, skipping
========================================================================
Worker process is ready to serve import requests
Launched and connected shader compiler UnityShaderCompiler.exe after 0.09 seconds
Refreshing native plugins compatible for Editor in 0.87 ms, found 5 plugins.
Preloading 0 native plugins for Editor in 0.00 ms.
Unloading 2058 Unused Serialized files (Serialized files now loaded: 0)
System memory in use before: 94.4 MB.
System memory in use after: 94.5 MB.

Unloading 22 unused Assets to reduce memory usage. Loaded Objects now: 2494.
Total: 3.103000 ms (FindLiveObjects: 0.404100 ms CreateObjectMapping: 0.098300 ms MarkObjects: 2.473600 ms  DeleteObjects: 0.125400 ms)

AssetImportParameters requested are different than current active one (requested -> active):
  colorSpace: 1 -> 0
========================================================================
Received Import Request.
  path: Assets/Scripts/MyTeleport.cs
  artifactKey: Guid(8d28d7c8f82007a43b7012a458de832d) Importer(815301076,1909f56bfc062723c751e8b465ee728b)
Start importing Assets/Scripts/MyTeleport.cs using Guid(8d28d7c8f82007a43b7012a458de832d) Importer(815301076,1909f56bfc062723c751e8b465ee728b)  -> (artifact id: 'ca307c01e45a5e37236006bb413453c6') in 0.676899 seconds
  Import took 0.681076 seconds .

========================================================================
Received Import Request.
  Time since last request: 16.516664 seconds.
  path: Assets/PostProcessing
  artifactKey: Guid(ea50e0613ee080f459df67e8197ba9e0) Importer(815301076,1909f56bfc062723c751e8b465ee728b)
Start importing Assets/PostProcessing using Guid(ea50e0613ee080f459df67e8197ba9e0) Importer(815301076,1909f56bfc062723c751e8b465ee728b)  -> (artifact id: '381b442394c4be96f97ab8bbfe5c4e85') in 0.499551 seconds
  Import took 0.503784 seconds .

========================================================================
Received Import Request.
  Time since last request: 18.723783 seconds.
  path: Assets/PostProcessing/New Post-processing Profile.asset
  artifactKey: Guid(4bbfa62a9773f0940beee05f7bfc05f0) Importer(815301076,1909f56bfc062723c751e8b465ee728b)
Start importing Assets/PostProcessing/New Post-processing Profile.asset using Guid(4bbfa62a9773f0940beee05f7bfc05f0) Importer(815301076,1909f56bfc062723c751e8b465ee728b)  -> (artifact id: '380cdf5b3ea37342e999b953b6bb8051') in 0.659238 seconds
  Import took 0.663955 seconds .

========================================================================
Received Import Request.
  Time since last request: 0.001767 seconds.
  path: Assets/PostProcessing/New Post-processing Profile.asset
  artifactKey: Guid(4bbfa62a9773f0940beee05f7bfc05f0) Importer(815301076,1909f56bfc062723c751e8b465ee728b)
Start importing Assets/PostProcessing/New Post-processing Profile.asset using Guid(4bbfa62a9773f0940beee05f7bfc05f0) Importer(815301076,1909f56bfc062723c751e8b465ee728b)  -> (artifact id: '380cdf5b3ea37342e999b953b6bb8051') in 0.150590 seconds
  Import took 0.154313 seconds .

========================================================================
Received Import Request.
  Time since last request: 66.225984 seconds.
  path: Assets/PostProcessing/New Post-processing Profile.asset
  artifactKey: Guid(4bbfa62a9773f0940beee05f7bfc05f0) Importer(815301076,1909f56bfc062723c751e8b465ee728b)
Start importing Assets/PostProcessing/New Post-processing Profile.asset using Guid(4bbfa62a9773f0940beee05f7bfc05f0) Importer(815301076,1909f56bfc062723c751e8b465ee728b)  -> (artifact id: '00229ba902f762a5f0d12c7984b2b296') in 0.092831 seconds
  Import took 0.096976 seconds .

========================================================================
Received Import Request.
  Time since last request: 69.414586 seconds.
  path: Assets/PostProcessing/New Post-processing Profile.asset
  artifactKey: Guid(4bbfa62a9773f0940beee05f7bfc05f0) Importer(815301076,1909f56bfc062723c751e8b465ee728b)
Start importing Assets/PostProcessing/New Post-processing Profile.asset using Guid(4bbfa62a9773f0940beee05f7bfc05f0) Importer(815301076,1909f56bfc062723c751e8b465ee728b)  -> (artifact id: 'f52d558c85f73170393df1297aa12a38') in 0.087455 seconds
  Import took 0.092305 seconds .

========================================================================
Received Import Request.
  Time since last request: 36.252988 seconds.
  path: Assets/PostProcessing/New Post-processing Profile.asset
  artifactKey: Guid(4bbfa62a9773f0940beee05f7bfc05f0) Importer(815301076,1909f56bfc062723c751e8b465ee728b)
Start importing Assets/PostProcessing/New Post-processing Profile.asset using Guid(4bbfa62a9773f0940beee05f7bfc05f0) Importer(815301076,1909f56bfc062723c751e8b465ee728b)  -> (artifact id: 'e2ebe5a5f53d802eed4e078e68dae035') in 0.084762 seconds
  Import took 0.088910 seconds .

========================================================================
Received Import Request.
  Time since last request: 0.001964 seconds.
  path: Assets/PostProcessing/New Post-processing Profile.asset
  artifactKey: Guid(4bbfa62a9773f0940beee05f7bfc05f0) Importer(815301076,1909f56bfc062723c751e8b465ee728b)
Start importing Assets/PostProcessing/New Post-processing Profile.asset using Guid(4bbfa62a9773f0940beee05f7bfc05f0) Importer(815301076,1909f56bfc062723c751e8b465ee728b)  -> (artifact id: 'e2ebe5a5f53d802eed4e078e68dae035') in 0.088417 seconds
  Import took 0.092790 seconds .

========================================================================
Received Import Request.
  Time since last request: 234.658700 seconds.
  path: Assets/PostProcessing/Post-processing Profile.asset
  artifactKey: Guid(4bbfa62a9773f0940beee05f7bfc05f0) Importer(815301076,1909f56bfc062723c751e8b465ee728b)
Start importing Assets/PostProcessing/Post-processing Profile.asset using Guid(4bbfa62a9773f0940beee05f7bfc05f0) Importer(815301076,1909f56bfc062723c751e8b465ee728b)  -> (artifact id: '963c6e2318665f5d1fb1f860bbd2b1a8') in 0.647755 seconds
  Import took 0.651846 seconds .

========================================================================
Received Import Request.
  Time since last request: 21.378233 seconds.
  path: Assets/PostProcessing/Post-processing Profile.asset
  artifactKey: Guid(4bbfa62a9773f0940beee05f7bfc05f0) Importer(815301076,1909f56bfc062723c751e8b465ee728b)
Start importing Assets/PostProcessing/Post-processing Profile.asset using Guid(4bbfa62a9773f0940beee05f7bfc05f0) Importer(815301076,1909f56bfc062723c751e8b465ee728b)  -> (artifact id: 'aa79032e000401f445b7ff8c4324a922') in 0.122762 seconds
  Import took 0.126839 seconds .

AssetImportWorkerClient::OnTransportError - code=2 error=End of file
