Using pre-set license
Built from '2020.3/staging' branch; Version is '2020.3.9f1 (108be757e447) revision 1084391'; Using compiler version '192528614'; Build Type 'Release'
OS: 'Windows 10 Enterprise; OS build 19042.985; Version 2009; 64bit' Language: 'ru' Physical Memory: 8091 MB
BatchMode: 1, IsHumanControllingUs: 0, StartBugReporterOnCrash: 0, Is64bit: 1, IsPro: 0

 COMMAND LINE ARGUMENTS:
F:\Unity Hub\2020.3.9f1\Editor\Unity.exe
-adb2
-batchMode
-noUpm
-name
AssetImportWorker0
-projectPath
D:/geekbrains/HTC_Vive/htc_vive
-logFile
Logs/AssetImportWorker0.log
-srvPort
52402
Successfully changed project path to: D:/geekbrains/HTC_Vive/htc_vive
D:/geekbrains/HTC_Vive/htc_vive
Using Asset Import Pipeline V2.
Refreshing native plugins compatible for Editor in 61.67 ms, found 2 plugins.
Preloading 0 native plugins for Editor in 0.00 ms.
Initialize engine version: 2020.3.9f1 (108be757e447)
[Subsystems] Discovering subsystems at path F:/Unity Hub/2020.3.9f1/Editor/Data/Resources/UnitySubsystems
[Subsystems] Discovering subsystems at path D:/geekbrains/HTC_Vive/htc_vive/Assets
GfxDevice: creating device client; threaded=0
Direct3D:
    Version:  Direct3D 11.0 [level 11.1]
    Renderer: Radeon (TM) RX 480 Graphics (ID=0x67df)
    Vendor:   
    VRAM:     4075 MB
    Driver:   27.20.1034.6
Initialize mono
Mono path[0] = 'F:/Unity Hub/2020.3.9f1/Editor/Data/Managed'
Mono path[1] = 'F:/Unity Hub/2020.3.9f1/Editor/Data/MonoBleedingEdge/lib/mono/unityjit'
Mono config path = 'F:/Unity Hub/2020.3.9f1/Editor/Data/MonoBleedingEdge/etc'
Using monoOptions --debugger-agent=transport=dt_socket,embedding=1,server=y,suspend=n,address=127.0.0.1:56192
Begin MonoManager ReloadAssembly
Registering precompiled unity dll's ...
Register platform support module: F:/Unity Hub/2020.3.9f1/Editor/Data/PlaybackEngines/WindowsStandaloneSupport/UnityEditor.WindowsStandalone.Extensions.dll
Registered in 0.001965 seconds.
Native extension for WindowsStandalone target not found
Refreshing native plugins compatible for Editor in 59.45 ms, found 2 plugins.
Preloading 0 native plugins for Editor in 0.00 ms.
Mono: successfully reloaded assembly
- Completed reload, in  2.662 seconds
Platform modules already initialized, skipping
Registering precompiled user dll's ...
Registered in 0.068654 seconds.
Begin MonoManager ReloadAssembly
Native extension for WindowsStandalone target not found
Refreshing native plugins compatible for Editor in 0.63 ms, found 2 plugins.
Preloading 0 native plugins for Editor in 0.00 ms.
[ScriptCompilation] NOT recompiling all scripts because this is an import worker process. Reason to compile was: Define symbols changed
Mono: successfully reloaded assembly
- Completed reload, in  2.827 seconds
Platform modules already initialized, skipping
========================================================================
Worker process is ready to serve import requests
Launched and connected shader compiler UnityShaderCompiler.exe after 0.31 seconds
Refreshing native plugins compatible for Editor in 0.62 ms, found 2 plugins.
Preloading 0 native plugins for Editor in 0.00 ms.
Unloading 1743 Unused Serialized files (Serialized files now loaded: 0)
System memory in use before: 81.2 MB.
System memory in use after: 81.3 MB.

Unloading 19 unused Assets to reduce memory usage. Loaded Objects now: 2178.
Total: 2.979600 ms (FindLiveObjects: 0.337300 ms CreateObjectMapping: 0.086700 ms MarkObjects: 2.440400 ms  DeleteObjects: 0.113600 ms)

========================================================================
Received Import Request.
  path: Packages/com.unity.postprocessing/PostProcessing
  artifactKey: Guid(0d256a256b5667448bb3f33f75dbb4bf) Importer(815301076,1909f56bfc062723c751e8b465ee728b)
Start importing Packages/com.unity.postprocessing/PostProcessing using Guid(0d256a256b5667448bb3f33f75dbb4bf) Importer(815301076,1909f56bfc062723c751e8b465ee728b)  -> (artifact id: '4a11e1a64c354979251665dd1934d2fc') in 0.075465 seconds
  Import took 0.079075 seconds .

========================================================================
Received Import Request.
  Time since last request: 14.775999 seconds.
  path: Assets/Scripts/Post-ProcessingBehaviour.cs
  artifactKey: Guid(e0cdf56b2bc0fbb40926d6712c59a358) Importer(815301076,1909f56bfc062723c751e8b465ee728b)
Start importing Assets/Scripts/Post-ProcessingBehaviour.cs using Guid(e0cdf56b2bc0fbb40926d6712c59a358) Importer(815301076,1909f56bfc062723c751e8b465ee728b)  -> (artifact id: '45f611eecc76fac7f729a009e2e81231') in 1.095625 seconds
  Import took 1.099077 seconds .

========================================================================
Received Import Request.
  Time since last request: 541.790532 seconds.
  path: Packages/com.unity.postprocessing/PostProcessing/Editor/Effects
  artifactKey: Guid(1da84851b99c43746afb49e79ae2b1d6) Importer(815301076,1909f56bfc062723c751e8b465ee728b)
Start importing Packages/com.unity.postprocessing/PostProcessing/Editor/Effects using Guid(1da84851b99c43746afb49e79ae2b1d6) Importer(815301076,1909f56bfc062723c751e8b465ee728b)  -> (artifact id: '1514382d878be5fc0a19553cb86f7123') in 0.653069 seconds
  Import took 0.656821 seconds .

